2026-04-26 23:07:51,608 | INFO | Fear and Greed response fetched successfully
2026-04-26 23:07:51,609 | INFO | Signal=BUY, price=454.00, ema=453.00, fear=44
2026-04-26 23:07:52,135 | INFO | Balances: USDC=3.7849 BCH=0.01900000
2026-04-26 23:07:52,135 | ERROR | Unexpected error in trading loop: 'buy_strong_fear_threshold'
Traceback (most recent call last):
  File "C:\Users\jan.prikryl\Desktop\Semestralni projekt\decision_algoritm\experiments\ema_fear_greed_talib\main.py", line 208, in main
    run_cycle(symbol, base_asset, quote_asset)
  File "C:\Users\jan.prikryl\Desktop\Semestralni projekt\decision_algoritm\experiments\ema_fear_greed_talib\main.py", line 150, in run_cycle
    amount = get_buy_amount(evaluation["fear"], quote_balance)
             ^^^^^^^^^^^^^^^^^^^^^^^^^^^^^^^^^^^^^^^^^^^^^^^^^
  File "C:\Users\jan.prikryl\Desktop\Semestralni projekt\decision_algoritm\experiments\ema_fear_greed_talib\main.py", line 88, in get_buy_amount
    strong_threshold = risk_config["buy_strong_fear_threshold"]
                       ~~~~~~~~~~~^^^^^^^^^^^^^^^^^^^^^^^^^^^^^
KeyError: 'buy_strong_fear_threshold'
2026-04-26 23:17:58,406 | INFO | Fear and Greed response fetched successfully
2026-04-26 23:17:58,408 | INFO | Signal=BUY, price=454.20, ema=453.02, fear=44
2026-04-26 23:17:58,657 | ERROR | Unexpected error in trading loop: APIError(code=-2015): Invalid API-key, IP, or permissions for action.
Traceback (most recent call last):
  File "C:\Users\jan.prikryl\Desktop\Semestralni projekt\decision_algoritm\experiments\ema_fear_greed_talib\main.py", line 208, in main
    run_cycle(symbol, base_asset, quote_asset)
  File "C:\Users\jan.prikryl\Desktop\Semestralni projekt\decision_algoritm\experiments\ema_fear_greed_talib\main.py", line 145, in run_cycle
    quote_balance = get_balance(client, quote_asset)
                    ^^^^^^^^^^^^^^^^^^^^^^^^^^^^^^^^
  File "C:\Users\jan.prikryl\Desktop\Semestralni projekt\decision_algoritm\experiments\ema_fear_greed_talib\order_executor.py", line 10, in get_balance
    info = client.get_asset_balance(asset=asset)
           ^^^^^^^^^^^^^^^^^^^^^^^^^^^^^^^^^^^^^
  File "C:\Users\jan.prikryl\AppData\Roaming\Python\Python312\site-packages\binance\client.py", line 2270, in get_asset_balance
    res = self.get_account(**params)
          ^^^^^^^^^^^^^^^^^^^^^^^^^^
  File "C:\Users\jan.prikryl\AppData\Roaming\Python\Python312\site-packages\binance\client.py", line 2245, in get_account
    return self._get("account", True, data=params)
           ^^^^^^^^^^^^^^^^^^^^^^^^^^^^^^^^^^^^^^^
  File "C:\Users\jan.prikryl\AppData\Roaming\Python\Python312\site-packages\binance\client.py", line 185, in _get
    return self._request_api("get", path, signed, version, **kwargs)
           ^^^^^^^^^^^^^^^^^^^^^^^^^^^^^^^^^^^^^^^^^^^^^^^^^^^^^^^^^
  File "C:\Users\jan.prikryl\AppData\Roaming\Python\Python312\site-packages\binance\client.py", line 119, in _request_api
    return self._request(method, uri, signed, **kwargs)
           ^^^^^^^^^^^^^^^^^^^^^^^^^^^^^^^^^^^^^^^^^^^^
  File "C:\Users\jan.prikryl\AppData\Roaming\Python\Python312\site-packages\binance\client.py", line 91, in _request
    return self._handle_response(self.response)
           ^^^^^^^^^^^^^^^^^^^^^^^^^^^^^^^^^^^^
  File "C:\Users\jan.prikryl\AppData\Roaming\Python\Python312\site-packages\binance\client.py", line 100, in _handle_response
    raise BinanceAPIException(response, response.status_code, response.text)
binance.exceptions.BinanceAPIException: APIError(code=-2015): Invalid API-key, IP, or permissions for action.
2026-04-26 23:20:03,716 | INFO | Fear and Greed response fetched successfully
2026-04-26 23:20:03,717 | INFO | Signal=BUY, price=454.00, ema=453.00, fear=44
2026-04-26 23:20:03,965 | ERROR | Unexpected error in trading loop: APIError(code=-2015): Invalid API-key, IP, or permissions for action.
Traceback (most recent call last):
  File "C:\Users\jan.prikryl\Desktop\Semestralni projekt\decision_algoritm\experiments\ema_fear_greed_talib\main.py", line 208, in main
    run_cycle(symbol, base_asset, quote_asset)
  File "C:\Users\jan.prikryl\Desktop\Semestralni projekt\decision_algoritm\experiments\ema_fear_greed_talib\main.py", line 145, in run_cycle
    quote_balance = get_balance(client, quote_asset)
                    ^^^^^^^^^^^^^^^^^^^^^^^^^^^^^^^^
  File "C:\Users\jan.prikryl\Desktop\Semestralni projekt\decision_algoritm\experiments\ema_fear_greed_talib\order_executor.py", line 10, in get_balance
    info = client.get_asset_balance(asset=asset)
           ^^^^^^^^^^^^^^^^^^^^^^^^^^^^^^^^^^^^^
  File "C:\Users\jan.prikryl\AppData\Roaming\Python\Python312\site-packages\binance\client.py", line 2270, in get_asset_balance
    res = self.get_account(**params)
          ^^^^^^^^^^^^^^^^^^^^^^^^^^
  File "C:\Users\jan.prikryl\AppData\Roaming\Python\Python312\site-packages\binance\client.py", line 2245, in get_account
    return self._get("account", True, data=params)
           ^^^^^^^^^^^^^^^^^^^^^^^^^^^^^^^^^^^^^^^
  File "C:\Users\jan.prikryl\AppData\Roaming\Python\Python312\site-packages\binance\client.py", line 185, in _get
    return self._request_api("get", path, signed, version, **kwargs)
           ^^^^^^^^^^^^^^^^^^^^^^^^^^^^^^^^^^^^^^^^^^^^^^^^^^^^^^^^^
  File "C:\Users\jan.prikryl\AppData\Roaming\Python\Python312\site-packages\binance\client.py", line 119, in _request_api
    return self._request(method, uri, signed, **kwargs)
           ^^^^^^^^^^^^^^^^^^^^^^^^^^^^^^^^^^^^^^^^^^^^
  File "C:\Users\jan.prikryl\AppData\Roaming\Python\Python312\site-packages\binance\client.py", line 91, in _request
    return self._handle_response(self.response)
           ^^^^^^^^^^^^^^^^^^^^^^^^^^^^^^^^^^^^
  File "C:\Users\jan.prikryl\AppData\Roaming\Python\Python312\site-packages\binance\client.py", line 100, in _handle_response
    raise BinanceAPIException(response, response.status_code, response.text)
binance.exceptions.BinanceAPIException: APIError(code=-2015): Invalid API-key, IP, or permissions for action.
2026-04-26 23:25:52,695 | INFO | Fear and Greed response fetched successfully
2026-04-26 23:25:52,696 | INFO | Signal=BUY, price=454.20, ema=453.02, fear=44
2026-04-26 23:25:53,193 | INFO | Balances: USDC=3.7849 BCH=0.01900000
2026-04-26 23:25:54,128 | WARNING | BUY signal generated but computed amount 0.5677 USDC is below exchange minimum 5.4504 USDC
