2026-04-23 21:24:25,110 | INFO | Fear and Greed response fetched successfully
2026-04-23 21:24:25,112 | INFO | Signal=SELL, price=77877.30, sma=77910.04, fear=61, strength=0.0604
2026-04-23 21:24:26,115 | INFO | Balances: USDC=23.7300 BTC=0.00016507
2026-04-23 21:24:26,116 | INFO | Executing SELL for 0.00013206 BTC
2026-04-23 21:24:27,855 | INFO | SELL attempt: BTCUSDC, qty=0.00013, price=77877.3
2026-04-23 21:24:28,103 | INFO | SELL success: {'symbol': 'BTCUSDC', 'orderId': 9081564807, 'orderListId': -1, 'clientOrderId': 'x-HNA2TXFJ8a63385f7688d4d60005be', 'transactTime': 1776972267570, 'price': '0.00000000', 'origQty': '0.00013000', 'executedQty': '0.00013000', 'origQuoteOrderQty': '0.00000000', 'cummulativeQuoteQty': '10.12404770', 'status': 'FILLED', 'timeInForce': 'GTC', 'type': 'MARKET', 'side': 'SELL', 'workingTime': 1776972267570, 'fills': [{'price': '77877.29000000', 'qty': '0.00013000', 'commission': '0.00001133', 'commissionAsset': 'BNB', 'tradeId': 365988292}], 'selfTradePreventionMode': 'EXPIRE_MAKER'}
2026-04-23 21:24:28,188 | ERROR | Unexpected error in trading loop: 1146 (42S02): Table 'binance.trades' doesn't exist
Traceback (most recent call last):
  File "C:\Python312\Lib\site-packages\mysql\connector\connection_cext.py", line 705, in cmd_query
    self._cmysql.query(
_mysql_connector.MySQLInterfaceError: Table 'binance.trades' doesn't exist

The above exception was the direct cause of the following exception:

Traceback (most recent call last):
  File "C:\Users\jan.prikryl\Desktop\Semestralni projekt\decision_algoritm\main.py", line 233, in main
    run_cycle()
  File "C:\Users\jan.prikryl\Desktop\Semestralni projekt\decision_algoritm\main.py", line 196, in run_cycle
    execute_sell(client, symbol, amount)
  File "C:\Users\jan.prikryl\Desktop\Semestralni projekt\decision_algoritm\new_cm_order.py", line 208, in execute_sell
    save_trade("SELL", symbol, quantity, price, notional, "SUCCESS", str(order))
  File "C:\Users\jan.prikryl\Desktop\Semestralni projekt\decision_algoritm\database.py", line 50, in save_trade
    conn.cursor().execute(
  File "C:\Python312\Lib\site-packages\mysql\connector\cursor_cext.py", line 357, in execute
    result = self._connection.cmd_query(
             ^^^^^^^^^^^^^^^^^^^^^^^^^^^
  File "C:\Python312\Lib\site-packages\mysql\connector\opentelemetry\context_propagation.py", line 97, in wrapper
    return method(cnx, *args, **kwargs)
           ^^^^^^^^^^^^^^^^^^^^^^^^^^^^
  File "C:\Python312\Lib\site-packages\mysql\connector\connection_cext.py", line 713, in cmd_query
    raise get_mysql_exception(
mysql.connector.errors.ProgrammingError: 1146 (42S02): Table 'binance.trades' doesn't exist
