2026-04-28 21:15:23,215 | INFO | Fear and Greed response fetched successfully
2026-04-28 21:15:23,219 | INFO | Signal=BUY, price=0.00, ema=0.00, fear=43
2026-04-28 21:15:23,466 | ERROR | Unexpected error in trading loop: APIError(code=-2015): Invalid API-key, IP, or permissions for action.
Traceback (most recent call last):
  File "C:\Users\jan.prikryl\Desktop\Semestralni projekt\decision_algoritm\ema\main.py", line 208, in main
    run_cycle(symbol, base_asset, quote_asset)
  File "C:\Users\jan.prikryl\Desktop\Semestralni projekt\decision_algoritm\ema\main.py", line 145, in run_cycle
    quote_balance = get_balance(client, quote_asset)
                    ^^^^^^^^^^^^^^^^^^^^^^^^^^^^^^^^
  File "C:\Users\jan.prikryl\Desktop\Semestralni projekt\decision_algoritm\ema\order_executor.py", line 10, in get_balance
    info = client.get_asset_balance(asset=asset)
           ^^^^^^^^^^^^^^^^^^^^^^^^^^^^^^^^^^^^^
  File "C:\Users\jan.prikryl\AppData\Roaming\Python\Python312\site-packages\binance\client.py", line 2270, in get_asset_balance
    res = self.get_account(**params)
          ^^^^^^^^^^^^^^^^^^^^^^^^^^
  File "C:\Users\jan.prikryl\AppData\Roaming\Python\Python312\site-packages\binance\client.py", line 2245, in get_account
    return self._get("account", True, data=params)
           ^^^^^^^^^^^^^^^^^^^^^^^^^^^^^^^^^^^^^^^
  File "C:\Users\jan.prikryl\AppData\Roaming\Python\Python312\site-packages\binance\client.py", line 185, in _get
    return self._request_api("get", path, signed, version, **kwargs)
           ^^^^^^^^^^^^^^^^^^^^^^^^^^^^^^^^^^^^^^^^^^^^^^^^^^^^^^^^^
  File "C:\Users\jan.prikryl\AppData\Roaming\Python\Python312\site-packages\binance\client.py", line 119, in _request_api
    return self._request(method, uri, signed, **kwargs)
           ^^^^^^^^^^^^^^^^^^^^^^^^^^^^^^^^^^^^^^^^^^^^
  File "C:\Users\jan.prikryl\AppData\Roaming\Python\Python312\site-packages\binance\client.py", line 91, in _request
    return self._handle_response(self.response)
           ^^^^^^^^^^^^^^^^^^^^^^^^^^^^^^^^^^^^
  File "C:\Users\jan.prikryl\AppData\Roaming\Python\Python312\site-packages\binance\client.py", line 100, in _handle_response
    raise BinanceAPIException(response, response.status_code, response.text)
binance.exceptions.BinanceAPIException: APIError(code=-2015): Invalid API-key, IP, or permissions for action.
2026-04-28 21:20:01,508 | INFO | Fear and Greed response fetched successfully
2026-04-28 21:20:01,508 | INFO | Signal=BUY, price=0.00, ema=0.00, fear=43
2026-04-28 21:20:02,014 | INFO | Balances: USDC=47.0729 PEPE=1561976.42000000
2026-04-28 21:20:03,576 | INFO | Executing BUY for 1.4122 USDC
2026-04-28 21:20:04,451 | INFO | BUY attempt: PEPEUSDC, USDC=1.4121883389, qty=363966.0, price=3.88e-06
2026-04-28 21:20:04,700 | INFO | BUY success: {'symbol': 'PEPEUSDC', 'orderId': 555535422, 'orderListId': -1, 'clientOrderId': 'x-HNA2TXFJ5849dc25e804e11c4f8991', 'transactTime': 1777404005391, 'price': '0.00000000', 'origQty': '363966.00', 'executedQty': '363966.00', 'origQuoteOrderQty': '0.00000000', 'cummulativeQuoteQty': '1.41582774', 'status': 'FILLED', 'timeInForce': 'GTC', 'type': 'MARKET', 'side': 'BUY', 'workingTime': 1777404005391, 'fills': [{'price': '0.00000389', 'qty': '363966.00', 'commission': '345.77', 'commissionAsset': 'PEPE', 'tradeId': 63879992}], 'selfTradePreventionMode': 'EXPIRE_MAKER'}
